<?xml version="1.0" encoding="UTF-8"?>
<!-- Generated by org.testng.reporters.JUnitReportReporter -->
<testsuite skipped="0" hostname="SKY-4DL5RV2-10" name="org.learning.assertion.BeforeExamples" tests="2" failures="0" timestamp="18 Oct 2020 17:04:20 GMT" time="0.012" errors="0">
  <testcase name="bookingTrainTicket" time="0.004" classname="org.learning.assertion.BeforeExamples"/>
  <testcase name="bookingFlightTicket" time="0.008" classname="org.learning.assertion.BeforeExamples"/>
</testsuite> <!-- org.learning.assertion.BeforeExamples -->
