<?xml version="1.0" encoding="UTF-8"?>
<!-- Generated by org.testng.reporters.JUnitReportReporter -->
<testsuite skipped="0" hostname="SKY-4DL5RV2-10" name="demo.before.DemoA" tests="2" failures="0" timestamp="18 Oct 2020 17:12:50 GMT" time="0.009" errors="0">
  <testcase name="bookingTrainTicket" time="0.001" classname="demo.before.DemoA"/>
  <testcase name="bookingFlightTicket" time="0.008" classname="demo.before.DemoA"/>
</testsuite> <!-- demo.before.DemoA -->
