<?xml version="1.0" encoding="UTF-8"?>
<!-- Generated by org.testng.reporters.JUnitReportReporter -->
<testsuite skipped="0" hostname="SKY-4DL5RV2-10" name="demo.before.DemoB" tests="2" failures="0" timestamp="18 Oct 2020 17:12:50 GMT" time="0.004" errors="0">
  <testcase name="bookingHotel" time="0.002" classname="demo.before.DemoB"/>
  <testcase name="bookingCar" time="0.002" classname="demo.before.DemoB"/>
</testsuite> <!-- demo.before.DemoB -->
